<?xml version="1.0" encoding="UTF-8"?>
<testsuite xmlns:xsi="http://www.w3.org/2001/XMLSchema-instance" xsi:noNamespaceSchemaLocation="https://maven.apache.org/surefire/maven-surefire-plugin/xsd/surefire-test-report-3.0.xsd" version="3.0" name="fiap.com.br.gestaoresiduos.GestaoresiduosApplicationTests" time="8.768" tests="1" errors="0" skipped="0" failures="0">
  <properties>
[...]
</properties>
  <testcase name="contextLoads" classname="fiap.com.br.gestaoresiduos.GestaoresiduosApplicationTests" time="0.441">
    <system-out><![CDATA[23:49:50.365 [main] INFO org.springframework.test.context.support.AnnotationConfigContextLoaderUtils -- Could not detect default configuration classes for test class [fiap.com.br.gestaoresiduos.GestaoresiduosApplicationTests]: GestaoresiduosApplicationTests does not declare any static, non-private, non-final, nested classes annotated with @Configuration.
23:49:50.490 [main] INFO org.springframework.boot.test.context.SpringBootTestContextBootstrapper -- Found @SpringBootConfiguration fiap.com.br.gestaoresiduos.GestaoresiduosApplication for test class fiap.com.br.gestaoresiduos.GestaoresiduosApplicationTests
23:49:50.725 [main] INFO org.springframework.boot.devtools.restart.RestartApplicationListener -- Restart disabled due to context in which it is running
  .   ____          _            __ _ _
 /\\ / ___'_ __ _ _(_)_ __  __ _ \ \ \ \
( ( )\___ | '_ | '_| | '_ \/ _` | \ \ \ \
 \\/  ___)| |_)| | | | | || (_| |  ) ) ) )
  '  |____| .__|_| |_|_| |_\__, | / / / /
 =========|_|==============|___/=/_/_/_/

 :: Spring Boot ::                (v3.3.0)

2024-05-27T23:49:51.017-03:00  INFO 17964 --- [gestaoresiduos] [           main] f.c.b.g.GestaoresiduosApplicationTests   : Starting GestaoresiduosApplicationTests using Java 17.0.8 with PID 17964 (started by lerom in C:\Users\lerom\DEV\gestao-de-residuos3)
2024-05-27T23:49:51.018-03:00  INFO 17964 --- [gestaoresiduos] [           main] f.c.b.g.GestaoresiduosApplicationTests   : No active profile set, falling back to 1 default profile: "default"
2024-05-27T23:49:52.051-03:00  INFO 17964 --- [gestaoresiduos] [           main] .s.d.r.c.RepositoryConfigurationDelegate : Bootstrapping Spring Data JPA repositories in DEFAULT mode.
2024-05-27T23:49:52.140-03:00  INFO 17964 --- [gestaoresiduos] [           main] .s.d.r.c.RepositoryConfigurationDelegate : Finished Spring Data repository scanning in 78 ms. Found 3 JPA repository interfaces.
2024-05-27T23:49:53.093-03:00  INFO 17964 --- [gestaoresiduos] [           main] com.zaxxer.hikari.HikariDataSource       : HikariPool-1 - Starting...
2024-05-27T23:49:54.079-03:00  INFO 17964 --- [gestaoresiduos] [           main] com.zaxxer.hikari.pool.HikariPool        : HikariPool-1 - Added connection oracle.jdbc.driver.T4CConnection@1a914089
2024-05-27T23:49:54.085-03:00  INFO 17964 --- [gestaoresiduos] [           main] com.zaxxer.hikari.HikariDataSource       : HikariPool-1 - Start completed.
2024-05-27T23:49:54.128-03:00  INFO 17964 --- [gestaoresiduos] [           main] org.flywaydb.core.FlywayExecutor         : Database: jdbc:oracle:thin:@oracle.fiap.com.br:1521:ORCL (Oracle 19.0)
2024-05-27T23:49:54.664-03:00  INFO 17964 --- [gestaoresiduos] [           main] o.f.core.internal.command.DbValidate     : Successfully validated 2 migrations (execution time 00:00.098s)
2024-05-27T23:49:55.248-03:00  INFO 17964 --- [gestaoresiduos] [           main] o.f.core.internal.command.DbMigrate      : Current version of schema "RM550844": 1
2024-05-27T23:49:55.317-03:00  INFO 17964 --- [gestaoresiduos] [           main] o.f.core.internal.command.DbMigrate      : Schema "RM550844" is up to date. No migration necessary.
2024-05-27T23:49:55.533-03:00  INFO 17964 --- [gestaoresiduos] [           main] o.hibernate.jpa.internal.util.LogHelper  : HHH000204: Processing PersistenceUnitInfo [name: default]
2024-05-27T23:49:55.623-03:00  INFO 17964 --- [gestaoresiduos] [           main] org.hibernate.Version                    : HHH000412: Hibernate ORM core version 6.5.2.Final
2024-05-27T23:49:55.672-03:00  INFO 17964 --- [gestaoresiduos] [           main] o.h.c.internal.RegionFactoryInitiator    : HHH000026: Second-level cache disabled
2024-05-27T23:49:56.026-03:00  INFO 17964 --- [gestaoresiduos] [           main] o.s.o.j.p.SpringPersistenceUnitInfo      : No LoadTimeWeaver setup: ignoring JPA class transformer
2024-05-27T23:49:57.322-03:00  INFO 17964 --- [gestaoresiduos] [           main] o.h.e.t.j.p.i.JtaPlatformInitiator       : HHH000489: No JTA platform available (set 'hibernate.transaction.jta.platform' to enable JTA platform integration)
2024-05-27T23:49:57.326-03:00  INFO 17964 --- [gestaoresiduos] [           main] j.LocalContainerEntityManagerFactoryBean : Initialized JPA EntityManagerFactory for persistence unit 'default'
2024-05-27T23:49:57.693-03:00  INFO 17964 --- [gestaoresiduos] [           main] r$InitializeUserDetailsManagerConfigurer : Global AuthenticationManager configured with UserDetailsService bean with name authorizationService
2024-05-27T23:49:57.729-03:00  WARN 17964 --- [gestaoresiduos] [           main] JpaBaseConfiguration$JpaWebConfiguration : spring.jpa.open-in-view is enabled by default. Therefore, database queries may be performed during view rendering. Explicitly configure spring.jpa.open-in-view to disable this warning
2024-05-27T23:49:58.051-03:00  INFO 17964 --- [gestaoresiduos] [           main] o.s.s.web.DefaultSecurityFilterChain     : Will secure any request with [org.springframework.security.web.session.DisableEncodeUrlFilter@301b89e1, org.springframework.security.web.context.request.async.WebAsyncManagerIntegrationFilter@3f3abe67, org.springframework.security.web.context.SecurityContextHolderFilter@6f8281e6, org.springframework.security.web.header.HeaderWriterFilter@3502b614, org.springframework.web.filter.CorsFilter@64f1e9f8, org.springframework.security.web.authentication.logout.LogoutFilter@555b3ec9, fiap.com.br.gestaoresiduos.config.security.VerificarToken@62b2bc2e, org.springframework.security.web.savedrequest.RequestCacheAwareFilter@206a465f, org.springframework.security.web.servletapi.SecurityContextHolderAwareRequestFilter@60fc4450, org.springframework.security.web.authentication.AnonymousAuthenticationFilter@d3929ba, org.springframework.security.web.session.SessionManagementFilter@3f69b166, org.springframework.security.web.access.ExceptionTranslationFilter@2e53f980, org.springframework.security.web.access.intercept.AuthorizationFilter@3956df0a]
2024-05-27T23:49:58.462-03:00  INFO 17964 --- [gestaoresiduos] [           main] f.c.b.g.GestaoresiduosApplicationTests   : Started GestaoresiduosApplicationTests in 7.755 seconds (process running for 9.007)
]]></system-out>
  </testcase>
</testsuite>